#
# There is insufficient memory for the Java Runtime Environment to continue.
# Native memory allocation (malloc) failed to allocate 1545856 bytes for Chunk::new
# Possible reasons:
#   The system is out of physical RAM or swap space
#   In 32 bit mode, the process size limit was hit
# Possible solutions:
#   Reduce memory load on the system
#   Increase physical memory or swap space
#   Check if swap backing store is full
#   Use 64 bit Java on a 64 bit OS
#   Decrease Java heap size (-Xmx/-Xms)
#   Decrease number of Java threads
#   Decrease Java thread stack sizes (-Xss)
#   Set larger code cache with -XX:ReservedCodeCacheSize=
# This output file may be truncated or incomplete.
#
#  Out of Memory Error (allocation.cpp:390), pid=6448, tid=11004
#
# JRE version: Java(TM) SE Runtime Environment (8.0_60-b27) (build 1.8.0_60-b27)
# Java VM: Java HotSpot(TM) 64-Bit Server VM (25.60-b23 mixed mode windows-amd64 compressed oops)
# Failed to write core dump. Minidumps are not enabled by default on client versions of Windows
#

---------------  T H R E A D  ---------------

Current thread (0x0000000015930800):  JavaThread "C2 CompilerThread1" daemon [_thread_in_native, id=11004, stack(0x0000000017070000,0x0000000017170000)]

Stack: [0x0000000017070000,0x0000000017170000]
[error occurred during error reporting (printing stack bounds), id 0xc0000005]

Native frames: (J=compiled Java code, j=interpreted, Vv=VM code, C=native code)


Current CompileTask:
C2:   2702 1479       4       com.android.dx.dex.code.OutputFinisher::addConstants (93 bytes)


---------------  P R O C E S S  ---------------

Java Threads: ( => current thread )
  0x000000001729b000 JavaThread "Service Thread" daemon [_thread_blocked, id=404, stack(0x0000000017670000,0x0000000017770000)]
  0x0000000015937000 JavaThread "C1 CompilerThread2" daemon [_thread_in_native, id=3560, stack(0x0000000017170000,0x0000000017270000)]
=>0x0000000015930800 JavaThread "C2 CompilerThread1" daemon [_thread_in_native, id=11004, stack(0x0000000017070000,0x0000000017170000)]
  0x0000000015929800 JavaThread "C2 CompilerThread0" daemon [_thread_in_native, id=10624, stack(0x0000000016f70000,0x0000000017070000)]
  0x0000000015928000 JavaThread "Attach Listener" daemon [_thread_blocked, id=7460, stack(0x0000000016e70000,0x0000000016f70000)]
  0x0000000015926800 JavaThread "Signal Dispatcher" daemon [_thread_blocked, id=8568, stack(0x0000000016d70000,0x0000000016e70000)]
  0x0000000003256000 JavaThread "Finalizer" daemon [_thread_blocked, id=944, stack(0x0000000016b80000,0x0000000016c80000)]
  0x000000000324d000 JavaThread "Reference Handler" daemon [_thread_blocked, id=9476, stack(0x0000000016a80000,0x0000000016b80000)]
  0x0000000003161000 JavaThread "main" [_thread_in_Java, id=580, stack(0x0000000003060000,0x0000000003160000)]

Other Threads:
  0x00000000158f7800 VMThread [stack: 0x0000000016980000,0x0000000016a80000] [id=6104]
  0x00000000172b5000 WatcherThread [stack: 0x0000000017770000,0x0000000017870000] [id=3552]

VM state:not at safepoint (normal execution)

VM Mutex/Monitor currently owned by a thread: None

Heap:
 PSYoungGen      total 18944K, used 18441K [0x00000000eab00000, 0x00000000ed000000, 0x0000000100000000)
  eden space 16384K, 97% used [0x00000000eab00000,0x00000000eba88f08,0x00000000ebb00000)
  from space 2560K, 98% used [0x00000000ebd80000,0x00000000ebff9700,0x00000000ec000000)
  to   space 2560K, 0% used [0x00000000ebb00000,0x00000000ebb00000,0x00000000ebd80000)
 ParOldGen       total 44032K, used 4603K [0x00000000c0000000, 0x00000000c2b00000, 0x00000000eab00000)
  object space 44032K, 10% used [0x00000000c0000000,0x00000000c047ec10,0x00000000c2b00000)
 Metaspace       used 6116K, capacity 7216K, committed 7296K, reserved 1056768K
  class space    used 595K, capacity 616K, committed 640K, reserved 1048576K

Card table byte_map: [0x0000000012620000,0x0000000012830000] byte_map_base: 0x0000000012020000

Marking Bits: (ParMarkBitMap*) 0x000000006617a5b0
 Begin Bits: [0x0000000012d90000, 0x0000000013d90000)
 End Bits:   [0x0000000013d90000, 0x0000000014d90000)

Polling page: 0x0000000001430000

CodeCache: size=245760Kb used=6464Kb max_used=6464Kb free=239295Kb
 bounds [0x0000000003260000, 0x00000000038c0000, 0x0000000012260000]
 total_blobs=1885 nmethods=1622 adapters=176
 compilation: enabled

Compilation events (10 events):
Event: 2.681 Thread 0x0000000015937000 nmethod 1606% 0x000000000389f110 code [0x000000000389f360, 0x00000000038a03e8]
Event: 2.681 Thread 0x0000000015937000 1604 %     3       com.android.dx.dex.code.OutputFinisher::makeOpcodesArray @ 15 (45 bytes)
Event: 2.682 Thread 0x0000000015937000 nmethod 1604% 0x00000000038a0a50 code [0x00000000038a0c20, 0x00000000038a14b8]
Event: 2.682 Thread 0x0000000015937000 1607 %     3       com.android.dx.dex.code.DalvInsnList::makeImmutable @ 18 (51 bytes)
Event: 2.683 Thread 0x0000000015937000 nmethod 1607% 0x00000000038a1a50 code [0x00000000038a1cc0, 0x00000000038a2c98]
Event: 2.683 Thread 0x0000000015937000 1608 %     3       com.android.dx.dex.code.OutputFinisher::calculateReservedCount @ 16 (122 bytes)
Event: 2.685 Thread 0x0000000015937000 nmethod 1608% 0x00000000038a3990 code [0x00000000038a3ba0, 0x00000000038a4778]
Event: 2.685 Thread 0x0000000015937000 1592       2       com.android.dx.dex.code.OutputFinisher::massageInstructions (89 bytes)
Event: 2.686 Thread 0x0000000015937000 nmethod 1592 0x00000000038a4f90 code [0x00000000038a5160, 0x00000000038a5718]
Event: 2.686 Thread 0x0000000015937000 1596       2       com.android.dx.dex.code.StdCatchBuilder::build (262 bytes)

GC Heap History (4 events):
Event: 1.263 GC heap before
{Heap before GC invocations=1 (full 0):
 PSYoungGen      total 18944K, used 16384K [0x00000000eab00000, 0x00000000ec000000, 0x0000000100000000)
  eden space 16384K, 100% used [0x00000000eab00000,0x00000000ebb00000,0x00000000ebb00000)
  from space 2560K, 0% used [0x00000000ebd80000,0x00000000ebd80000,0x00000000ec000000)
  to   space 2560K, 0% used [0x00000000ebb00000,0x00000000ebb00000,0x00000000ebd80000)
 ParOldGen       total 44032K, used 0K [0x00000000c0000000, 0x00000000c2b00000, 0x00000000eab00000)
  object space 44032K, 0% used [0x00000000c0000000,0x00000000c0000000,0x00000000c2b00000)
 Metaspace       used 5485K, capacity 6768K, committed 7040K, reserved 1056768K
  class space    used 570K, capacity 616K, committed 640K, reserved 1048576K
Event: 1.271 GC heap after
Heap after GC invocations=1 (full 0):
 PSYoungGen      total 18944K, used 2549K [0x00000000eab00000, 0x00000000ec000000, 0x0000000100000000)
  eden space 16384K, 0% used [0x00000000eab00000,0x00000000eab00000,0x00000000ebb00000)
  from space 2560K, 99% used [0x00000000ebb00000,0x00000000ebd7d6e0,0x00000000ebd80000)
  to   space 2560K, 0% used [0x00000000ebd80000,0x00000000ebd80000,0x00000000ec000000)
 ParOldGen       total 44032K, used 2020K [0x00000000c0000000, 0x00000000c2b00000, 0x00000000eab00000)
  object space 44032K, 4% used [0x00000000c0000000,0x00000000c01f91d0,0x00000000c2b00000)
 Metaspace       used 5485K, capacity 6768K, committed 7040K, reserved 1056768K
  class space    used 570K, capacity 616K, committed 640K, reserved 1048576K
}
Event: 1.850 GC heap before
{Heap before GC invocations=2 (full 0):
 PSYoungGen      total 18944K, used 18933K [0x00000000eab00000, 0x00000000ec000000, 0x0000000100000000)
  eden space 16384K, 100% used [0x00000000eab00000,0x00000000ebb00000,0x00000000ebb00000)
  from space 2560K, 99% used [0x00000000ebb00000,0x00000000ebd7d6e0,0x00000000ebd80000)
  to   space 2560K, 0% used [0x00000000ebd80000,0x00000000ebd80000,0x00000000ec000000)
 ParOldGen       total 44032K, used 2020K [0x00000000c0000000, 0x00000000c2b00000, 0x00000000eab00000)
  object space 44032K, 4% used [0x00000000c0000000,0x00000000c01f91d0,0x00000000c2b00000)
 Metaspace       used 5730K, capacity 6960K, committed 7040K, reserved 1056768K
  class space    used 575K, capacity 616K, committed 640K, reserved 1048576K
Event: 1.877 GC heap after
Heap after GC invocations=2 (full 0):
 PSYoungGen      total 18944K, used 2533K [0x00000000eab00000, 0x00000000ed000000, 0x0000000100000000)
  eden space 16384K, 0% used [0x00000000eab00000,0x00000000eab00000,0x00000000ebb00000)
  from space 2560K, 98% used [0x00000000ebd80000,0x00000000ebff9700,0x00000000ec000000)
  to   space 2560K, 0% used [0x00000000ebb00000,0x00000000ebb00000,0x00000000ebd80000)
 ParOldGen       total 44032K, used 4603K [0x00000000c0000000, 0x00000000c2b00000, 0x00000000eab00000)
  object space 44032K, 10% used [0x00000000c0000000,0x00000000c047ec10,0x00000000c2b00000)
 Metaspace       used 5730K, capacity 6960K, committed 7040K, reserved 1056768K
  class space    used 575K, capacity 616K, committed 640K, reserved 1048576K
}

Deoptimization events (10 events):
Event: 2.493 Thread 0x0000000003161000 Uncommon trap: reason=class_check action=maybe_recompile pc=0x00000000036d5790 method=java.util.HashMap.putVal(ILjava/lang/Object;Ljava/lang/Object;ZZ)Ljava/lang/Object; @ 203
Event: 2.494 Thread 0x0000000003161000 Uncommon trap: reason=class_check action=maybe_recompile pc=0x00000000036d5790 method=java.util.HashMap.putVal(ILjava/lang/Object;Ljava/lang/Object;ZZ)Ljava/lang/Object; @ 203
Event: 2.499 Thread 0x0000000003161000 Uncommon trap: reason=class_check action=maybe_recompile pc=0x00000000036d5790 method=java.util.HashMap.putVal(ILjava/lang/Object;Ljava/lang/Object;ZZ)Ljava/lang/Object; @ 203
Event: 2.500 Thread 0x0000000003161000 Uncommon trap: reason=class_check action=maybe_recompile pc=0x00000000036d5790 method=java.util.HashMap.putVal(ILjava/lang/Object;Ljava/lang/Object;ZZ)Ljava/lang/Object; @ 203
Event: 2.500 Thread 0x0000000003161000 Uncommon trap: reason=class_check action=maybe_recompile pc=0x00000000036b8010 method=java.util.HashMap.putVal(ILjava/lang/Object;Ljava/lang/Object;ZZ)Ljava/lang/Object; @ 203
Event: 2.519 Thread 0x0000000003161000 Uncommon trap: reason=unstable_if action=reinterpret pc=0x000000000385de78 method=java.util.HashMap.putVal(ILjava/lang/Object;Ljava/lang/Object;ZZ)Ljava/lang/Object; @ 94
Event: 2.634 Thread 0x0000000003161000 Uncommon trap: reason=speculate_class_check action=maybe_recompile pc=0x0000000003623e18 method=com.android.dx.util.FixedSizeList.equals(Ljava/lang/Object;)Z @ 25
Event: 2.634 Thread 0x0000000003161000 Uncommon trap: reason=speculate_class_check action=maybe_recompile pc=0x0000000003623e18 method=com.android.dx.util.FixedSizeList.equals(Ljava/lang/Object;)Z @ 25
Event: 2.634 Thread 0x0000000003161000 Uncommon trap: reason=speculate_class_check action=maybe_recompile pc=0x0000000003623e18 method=com.android.dx.util.FixedSizeList.equals(Ljava/lang/Object;)Z @ 25
Event: 2.634 Thread 0x0000000003161000 Uncommon trap: reason=speculate_class_check action=maybe_recompile pc=0x0000000003623e18 method=com.android.dx.util.FixedSizeList.equals(Ljava/lang/Object;)Z @ 25

Internal exceptions (3 events):
Event: 0.118 Thread 0x0000000003161000 Exception <a 'java/lang/NoSuchMethodError': Method sun.misc.Unsafe.defineClass(Ljava/lang/String;[BII)Ljava/lang/Class; name or signature does not match> (0x00000000eab0d478) thrown at [C:\re\workspace\8-2-build-windows-amd64-cygwin\jdk8u60\4407\hotspot\srÉy	™’G¾?
Event: 0.118 Thread 0x0000000003161000 Exception <a 'java/lang/NoSuchMethodError': Method sun.misc.Unsafe.prefetchRead(Ljava/lang/Object;J)V name or signature does not match> (0x00000000eab0d760) thrown at [C:\re\workspace\8-2-build-windows-amd64-cygwin\jdk8u60\4407\hotspot\src\share\vm\prims\j@"•Û:ó?
Event: 1.202 Thread 0x0000000017519800 Implicit null exception at 0x00000000035b5d62 to 0x00000000035b5e61

Events (10 events):
Event: 2.634 loading class com/android/dx/dex/code/CatchTable$Entry
Event: 2.634 loading class com/android/dx/dex/code/CatchTable$Entry done
Event: 2.634 loading class com/android/dx/util/ByteArrayAnnotatedOutput
Event: 2.634 loading class com/android/dx/util/ByteArrayAnnotatedOutput done
Event: 2.680 loading class com/android/dx/dex/file/DebugInfoEncoder
Event: 2.680 loading class com/android/dx/dex/file/DebugInfoEncoder done
Event: 2.682 loading class com/android/dx/dex/file/DebugInfoEncoder$1
Event: 2.682 loading class com/android/dx/dex/file/DebugInfoEncoder$1 done
Event: 2.683 loading class com/android/dx/dex/file/DebugInfoEncoder$2
Event: 2.683 loading class com/android/dx/dex/file/DebugInfoEncoder$2 done


Dynamic libraries:
0x00007ff7746a0000 - 0x00007ff7746d7000 	C:\Program Files\Java\jdk1.8.0_60\bin\java.exe
0x00007ffecaa00000 - 0x00007ffecabd1000 	C:\WINDOWS\SYSTEM32\ntdll.dll
0x00007ffec9810000 - 0x00007ffec98bb000 	C:\WINDOWS\System32\KERNEL32.DLL
0x00007ffec71c0000 - 0x00007ffec73dd000 	C:\WINDOWS\System32\KERNELBASE.dll
0x00007ffec9b50000 - 0x00007ffec9bf2000 	C:\WINDOWS\System32\ADVAPI32.dll
0x00007ffec9dc0000 - 0x00007ffec9e5e000 	C:\WINDOWS\System32\msvcrt.dll
0x00007ffec98c0000 - 0x00007ffec9919000 	C:\WINDOWS\System32\sechost.dll
0x00007ffeca470000 - 0x00007ffeca591000 	C:\WINDOWS\System32\RPCRT4.dll
0x00007ffec9e70000 - 0x00007ffec9fd5000 	C:\WINDOWS\System32\USER32.dll
0x00007ffec71a0000 - 0x00007ffec71be000 	C:\WINDOWS\System32\win32u.dll
0x00007ffec9c00000 - 0x00007ffec9c34000 	C:\WINDOWS\System32\GDI32.dll
0x00007ffec73e0000 - 0x00007ffec7562000 	C:\WINDOWS\System32\gdi32full.dll
0x00007ffeb73d0000 - 0x00007ffeb7649000 	C:\WINDOWS\WinSxS\amd64_microsoft.windows.common-controls_6595b64144ccf1df_6.0.14393.447_none_42191651c6827bb3\COMCTL32.dll
0x00007ffec9fe0000 - 0x00007ffeca2a7000 	C:\WINDOWS\System32\combase.dll
0x00007ffec6ff0000 - 0x00007ffec70e5000 	C:\WINDOWS\System32\ucrtbase.dll
0x00007ffec77a0000 - 0x00007ffec780a000 	C:\WINDOWS\System32\bcryptPrimitives.dll
0x00007ffeca9d0000 - 0x00007ffeca9fe000 	C:\WINDOWS\System32\IMM32.DLL
0x00000000654f0000 - 0x00000000655c2000 	C:\Program Files\Java\jdk1.8.0_60\jre\bin\msvcr100.dll
0x0000000065970000 - 0x00000000661f9000 	C:\Program Files\Java\jdk1.8.0_60\jre\bin\server\jvm.dll
0x00007ffec9700000 - 0x00007ffec9708000 	C:\WINDOWS\System32\PSAPI.DLL
0x00007ffec5320000 - 0x00007ffec5343000 	C:\WINDOWS\SYSTEM32\WINMM.dll
0x00007ffec1740000 - 0x00007ffec174a000 	C:\WINDOWS\SYSTEM32\VERSION.dll
0x00007ffec1a30000 - 0x00007ffec1a39000 	C:\WINDOWS\SYSTEM32\WSOCK32.dll
0x0000000001400000 - 0x000000000142b000 	C:\WINDOWS\SYSTEM32\WINMMBASE.dll
0x00007ffec9ae0000 - 0x00007ffec9b4a000 	C:\WINDOWS\System32\WS2_32.dll
0x00007ffec6ef0000 - 0x00007ffec6f32000 	C:\WINDOWS\System32\cfgmgr32.dll
0x00000000667b0000 - 0x00000000667bf000 	C:\Program Files\Java\jdk1.8.0_60\jre\bin\verify.dll
0x0000000066780000 - 0x00000000667a9000 	C:\Program Files\Java\jdk1.8.0_60\jre\bin\java.dll
0x0000000066760000 - 0x0000000066776000 	C:\Program Files\Java\jdk1.8.0_60\jre\bin\zip.dll
0x00007ffec8190000 - 0x00007ffec9699000 	C:\WINDOWS\System32\SHELL32.dll
0x00007ffec78b0000 - 0x00007ffec7f8a000 	C:\WINDOWS\System32\windows.storage.dll
0x00007ffec6e70000 - 0x00007ffec6ebc000 	C:\WINDOWS\System32\powrprof.dll
0x00007ffec96a0000 - 0x00007ffec96f2000 	C:\WINDOWS\System32\shlwapi.dll
0x00007ffec6ee0000 - 0x00007ffec6eef000 	C:\WINDOWS\System32\kernel.appcore.dll
0x00007ffec70f0000 - 0x00007ffec7199000 	C:\WINDOWS\System32\shcore.dll
0x00007ffec6ec0000 - 0x00007ffec6ed4000 	C:\WINDOWS\System32\profapi.dll

VM Arguments:
jvm_args: -Djava.awt.headless=true -Xmx1024M -Dfile.encoding=windows-1252 -Duser.country=ID -Duser.language=in -Duser.variant 
java_command: com.android.dx.command.Main --dex --num-threads=4 --output D:\Personal\Kuliah\Programmer\Android\ECapil\Ecapil\app\build\intermediates\pre-dexed\release\release_8c433f5d4448f44c07c04bb130f3d3147e0ee86d.jar D:\Personal\Kuliah\Programmer\Android\ECapil\Ecapil\app\build\intermediates\classes\release
java_class_path (initial): D:\Android\build-tools\23.0.1\lib\dx.jar
Launcher Type: SUN_STANDARD

Environment Variables:
PATH=C:\Program Files\Java\jre1.8.0_60\bin\;C:\Windows\system32;C:\Windows;C:\Windows\System32\Wbem;C:\Windows\System32\WindowsPowerShell\v1.0\;C:\Program Files (x86)\Intel\OpenCL SDK\2.0\bin\x86;C:\Program Files (x86)\Intel\OpenCL SDK\2.0\bin\x64;C:\Program Files (x86)\Microsoft SQL Server\90\Tools\binn\;C:\adb;C:\WINDOWS\system32;C:\WINDOWS;C:\WINDOWS\System32\Wbem;C:\WINDOWS\System32\WindowsPowerShell\v1.0\;C:\Program Files\nodejs\;C:\Users\MatchID\AppData\Local\Microsoft\WindowsApps;C:\Users\MatchID\AppData\Roaming\npm
USERNAME=MatchID
OS=Windows_NT
PROCESSOR_IDENTIFIER=Intel64 Family 6 Model 42 Stepping 7, GenuineIntel



---------------  S Y S T E M  ---------------

OS: Windows 10.0 , 64 bit Build 14393 (10.0.14393.0)

CPU:total 4 (2 cores per cpu, 2 threads per core) family 6 model 42 stepping 7, cmov, cx8, fxsr, mmx, sse, sse2, sse3, ssse3, sse4.1, sse4.2, popcnt, avx, clmul, ht, tsc, tscinvbit

Memory: 4k page, physical 4104436k(106720k free), swap 6965492k(6108k free)

vm_info: Java HotSpot(TM) 64-Bit Server VM (25.60-b23) for windows-amd64 JRE (1.8.0_60-b27), built on Aug  4 2015 11:06:27 by "java_re" with MS VC++ 10.0 (VS2010)

time: Thu Nov 17 23:29:35 2016
elapsed time: 2 seconds (0d 0h 0m 2s)

